# JRE version: Java(TM) SE Runtime Environment (8.0_25-b18) (build 1.8.0_25-b18)
# Java VM: Java HotSpot(TM) 64-Bit Server VM (25.25-b02 mixed mode windows-amd64 compressed oops)
Heap:
 PSYoungGen      total 516608K, used 398439K [0x000000076d800000, 0x0000000793000000, 0x00000007c0000000)
  eden space 501760K, 79% used [0x000000076d800000,0x0000000785d19fc0,0x000000078c200000)
  from space 14848K, 0% used [0x000000078c200000,0x000000078c200000,0x000000078d080000)
  to   space 17920K, 0% used [0x0000000791e80000,0x0000000791e80000,0x0000000793000000)
 ParOldGen       total 154624K, used 23869K [0x00000006c8800000, 0x00000006d1f00000, 0x000000076d800000)
  object space 154624K, 15% used [0x00000006c8800000,0x00000006c9f4f740,0x00000006d1f00000)
 Metaspace       used 48069K, capacity 48516K, committed 49024K, reserved 1091584K
  class space    used 6091K, capacity 6183K, committed 6272K, reserved 1048576K
GC Heap History (10 events):
Event: 4.601 GC heap before
{Heap before GC invocations=7 (full 0):
 PSYoungGen      total 266752K, used 123169K [0x000000076d800000, 0x000000077ef00000, 0x00000007c0000000)
  eden space 253952K, 43% used [0x000000076d800000,0x00000007743cf298,0x000000077d000000)
  from space 12800K, 99% used [0x000000077de80000,0x000000077eaf9388,0x000000077eb00000)
  to   space 14848K, 0% used [0x000000077d000000,0x000000077d000000,0x000000077de80000)
 ParOldGen       total 169472K, used 2869K [0x00000006c8800000, 0x00000006d2d80000, 0x000000076d800000)
  object space 169472K, 1% used [0x00000006c8800000,0x00000006c8acd4a8,0x00000006d2d80000)
 Metaspace       used 20893K, capacity 21064K, committed 21296K, reserved 1069056K
  class space    used 2560K, capacity 2608K, committed 2688K, reserved 1048576K
Event: 4.609 GC heap after
Heap after GC invocations=7 (full 0):
 PSYoungGen      total 268800K, used 4902K [0x000000076d800000, 0x000000078e600000, 0x00000007c0000000)
  eden space 253952K, 0% used [0x000000076d800000,0x000000076d800000,0x000000077d000000)
  from space 14848K, 33% used [0x000000077d000000,0x000000077d4c9850,0x000000077de80000)
  to   space 15360K, 0% used [0x000000078d700000,0x000000078d700000,0x000000078e600000)
 ParOldGen       total 169472K, used 5999K [0x00000006c8800000, 0x00000006d2d80000, 0x000000076d800000)
  object space 169472K, 3% used [0x00000006c8800000,0x00000006c8ddbed8,0x00000006d2d80000)
 Metaspace       used 20893K, capacity 21064K, committed 21296K, reserved 1069056K
  class space    used 2560K, capacity 2608K, committed 2688K, reserved 1048576K
}
Event: 4.609 GC heap before
{Heap before GC invocations=8 (full 1):
 PSYoungGen      total 268800K, used 4902K [0x000000076d800000, 0x000000078e600000, 0x00000007c0000000)
  eden space 253952K, 0% used [0x000000076d800000,0x000000076d800000,0x000000077d000000)
  from space 14848K, 33% used [0x000000077d000000,0x000000077d4c9850,0x000000077de80000)
  to   space 15360K, 0% used [0x000000078d700000,0x000000078d700000,0x000000078e600000)
 ParOldGen       total 169472K, used 5999K [0x00000006c8800000, 0x00000006d2d80000, 0x000000076d800000)
  object space 169472K, 3% used [0x00000006c8800000,0x00000006c8ddbed8,0x00000006d2d80000)
 Metaspace       used 20893K, capacity 21064K, committed 21296K, reserved 1069056K
  class space    used 2560K, capacity 2608K, committed 2688K, reserved 1048576K
Event: 4.656 GC heap after
Heap after GC invocations=8 (full 1):
 PSYoungGen      total 268800K, used 0K [0x000000076d800000, 0x000000078e600000, 0x00000007c0000000)
  eden space 253952K, 0% used [0x000000076d800000,0x000000076d800000,0x000000077d000000)
  from space 14848K, 0% used [0x000000077d000000,0x000000077d000000,0x000000077de80000)
  to   space 15360K, 0% used [0x000000078d700000,0x000000078d700000,0x000000078e600000)
 ParOldGen       total 94720K, used 7850K [0x00000006c8800000, 0x00000006ce480000, 0x000000076d800000)
  object space 94720K, 8% used [0x00000006c8800000,0x00000006c8faaa88,0x00000006ce480000)
 Metaspace       used 20893K, capacity 21064K, committed 21296K, reserved 1069056K
  class space    used 2560K, capacity 2608K, committed 2688K, reserved 1048576K
}
Event: 6.722 GC heap before
{Heap before GC invocations=9 (full 1):
 PSYoungGen      total 268800K, used 253952K [0x000000076d800000, 0x000000078e600000, 0x00000007c0000000)
  eden space 253952K, 100% used [0x000000076d800000,0x000000077d000000,0x000000077d000000)
  from space 14848K, 0% used [0x000000077d000000,0x000000077d000000,0x000000077de80000)
  to   space 15360K, 0% used [0x000000078d700000,0x000000078d700000,0x000000078e600000)
 ParOldGen       total 94720K, used 7850K [0x00000006c8800000, 0x00000006ce480000, 0x000000076d800000)
  object space 94720K, 8% used [0x00000006c8800000,0x00000006c8faaa88,0x00000006ce480000)
 Metaspace       used 25134K, capacity 25386K, committed 25728K, reserved 1071104K
  class space    used 3026K, capacity 3082K, committed 3200K, reserved 1048576K
Event: 6.739 GC heap after
Heap after GC invocations=9 (full 1):
 PSYoungGen      total 428544K, used 8078K [0x000000076d800000, 0x000000078df00000, 0x00000007c0000000)
  eden space 420352K, 0% used [0x000000076d800000,0x000000076d800000,0x0000000787280000)
  from space 8192K, 98% used [0x000000078d700000,0x000000078dee3a48,0x000000078df00000)
  to   space 14848K, 0% used [0x000000078c200000,0x000000078c200000,0x000000078d080000)
 ParOldGen       total 94720K, used 7858K [0x00000006c8800000, 0x00000006ce480000, 0x000000076d800000)
  object space 94720K, 8% used [0x00000006c8800000,0x00000006c8faca88,0x00000006ce480000)
 Metaspace       used 25134K, capacity 25386K, committed 25728K, reserved 1071104K
  class space    used 3026K, capacity 3082K, committed 3200K, reserved 1048576K
}
Event: 7.923 GC heap before
{Heap before GC invocations=10 (full 1):
 PSYoungGen      total 428544K, used 125953K [0x000000076d800000, 0x000000078df00000, 0x00000007c0000000)
  eden space 420352K, 28% used [0x000000076d800000,0x0000000774b1cd88,0x0000000787280000)
  from space 8192K, 98% used [0x000000078d700000,0x000000078dee3a48,0x000000078df00000)
  to   space 14848K, 0% used [0x000000078c200000,0x000000078c200000,0x000000078d080000)
 ParOldGen       total 94720K, used 7858K [0x00000006c8800000, 0x00000006ce480000, 0x000000076d800000)
  object space 94720K, 8% used [0x00000006c8800000,0x00000006c8faca88,0x00000006ce480000)
 Metaspace       used 34981K, capacity 35260K, committed 35456K, reserved 1081344K
  class space    used 4360K, capacity 4433K, committed 4480K, reserved 1048576K
Event: 7.936 GC heap after
Heap after GC invocations=10 (full 1):
 PSYoungGen      total 516608K, used 14836K [0x000000076d800000, 0x0000000793000000, 0x00000007c0000000)
  eden space 501760K, 0% used [0x000000076d800000,0x000000076d800000,0x000000078c200000)
  from space 14848K, 99% used [0x000000078c200000,0x000000078d07d180,0x000000078d080000)
  to   space 17920K, 0% used [0x0000000791e80000,0x0000000791e80000,0x0000000793000000)
 ParOldGen       total 94720K, used 11717K [0x00000006c8800000, 0x00000006ce480000, 0x000000076d800000)
  object space 94720K, 12% used [0x00000006c8800000,0x00000006c9371530,0x00000006ce480000)
 Metaspace       used 34981K, capacity 35260K, committed 35456K, reserved 1081344K
  class space    used 4360K, capacity 4433K, committed 4480K, reserved 1048576K
}
Event: 7.936 GC heap before
{Heap before GC invocations=11 (full 2):
 PSYoungGen      total 516608K, used 14836K [0x000000076d800000, 0x0000000793000000, 0x00000007c0000000)
  eden space 501760K, 0% used [0x000000076d800000,0x000000076d800000,0x000000078c200000)
  from space 14848K, 99% used [0x000000078c200000,0x000000078d07d180,0x000000078d080000)
  to   space 17920K, 0% used [0x0000000791e80000,0x0000000791e80000,0x0000000793000000)
 ParOldGen       total 94720K, used 11717K [0x00000006c8800000, 0x00000006ce480000, 0x000000076d800000)
  object space 94720K, 12% used [0x00000006c8800000,0x00000006c9371530,0x00000006ce480000)
 Metaspace       used 34981K, capacity 35260K, committed 35456K, reserved 1081344K
  class space    used 4360K, capacity 4433K, committed 4480K, reserved 1048576K
Event: 8.019 GC heap after
Heap after GC invocations=11 (full 2):
 PSYoungGen      total 516608K, used 0K [0x000000076d800000, 0x0000000793000000, 0x00000007c0000000)
  eden space 501760K, 0% used [0x000000076d800000,0x000000076d800000,0x000000078c200000)
  from space 14848K, 0% used [0x000000078c200000,0x000000078c200000,0x000000078d080000)
  to   space 17920K, 0% used [0x0000000791e80000,0x0000000791e80000,0x0000000793000000)
 ParOldGen       total 154624K, used 23869K [0x00000006c8800000, 0x00000006d1f00000, 0x000000076d800000)
  object space 154624K, 15% used [0x00000006c8800000,0x00000006c9f4f740,0x00000006d1f00000)
 Metaspace       used 34980K, capacity 35258K, committed 35456K, reserved 1081344K
  class space    used 4359K, capacity 4432K, committed 4480K, reserved 1048576K
}

